<?xml version="1.0" encoding="UTF-8"?>
<!-- Generated by org.testng.reporters.JUnitXMLReporter -->
<testsuite ignored="0" hostname="TonyDada" failures="1" tests="5" name="Test" time="32.374" errors="0" timestamp="2026-05-07T23:14:59 IST">
  <testcase classname="testCases.TC003_LoginDDT" name="verify_loginDDT" time="2.263"/>
  <testcase classname="testCases.TC003_LoginDDT" name="verify_loginDDT" time="2.118"/>
  <testcase classname="testCases.TC003_LoginDDT" name="verify_loginDDT" time="2.143">
    <failure type="java.lang.AssertionError" message="expected [true] but found [false]">
      <![CDATA[java.lang.AssertionError: expected [true] but found [false]
at testCases.TC003_LoginDDT.verify_loginDDT(TC003_LoginDDT.java:63)
at java.base/java.util.ArrayList.forEach(ArrayList.java:1596)
... Removed 29 stack frames]]>
    </failure>
  </testcase> <!-- verify_loginDDT -->
  <testcase classname="testCases.TC003_LoginDDT" name="verify_loginDDT" time="11.392"/>
  <testcase classname="testCases.TC003_LoginDDT" name="verify_loginDDT" time="3.53"/>
</testsuite> <!-- Test -->
