<?xml version="1.0" encoding="UTF-8"?>
<!-- Generated by org.testng.reporters.JUnitReportReporter -->
<testsuite hostname="TonyDada" failures="0" tests="2" name="testCases.TC001_AccountRegistrationTest" time="5.167" errors="0" timestamp="2026-05-09T00:17:09 IST" skipped="0">
  <testcase classname="testCases.TC001_AccountRegistrationTest" name="verify_account_registration" time="2.961"/>
  <testcase classname="testCases.TC001_AccountRegistrationTest" name="verify_account_registration" time="2.206"/>
</testsuite> <!-- testCases.TC001_AccountRegistrationTest -->
